-- The C compiler identification is GNU 13.3.0
-- The CXX compiler identification is GNU 13.3.0
-- Detecting C compiler ABI info
-- Detecting C compiler ABI info - done
-- Check for working C compiler: /usr/bin/cc - skipped
-- Detecting C compile features
-- Detecting C compile features - done
-- Detecting CXX compiler ABI info
-- Detecting CXX compiler ABI info - done
-- Check for working CXX compiler: /usr/bin/c++ - skipped
-- Detecting CXX compile features
-- Detecting CXX compile features - done
-- Found ament_cmake: 2.5.5 (/opt/ros/jazzy/share/ament_cmake/cmake)
-- Found Python3: /usr/bin/python3 (found version "3.12.3") found components: Interpreter 
-- Found rclcpp: 28.1.16 (/opt/ros/jazzy/share/rclcpp/cmake)
-- Found rosidl_generator_c: 4.6.7 (/opt/ros/jazzy/share/rosidl_generator_c/cmake)
-- Found rosidl_generator_cpp: 4.6.7 (/opt/ros/jazzy/share/rosidl_generator_cpp/cmake)
-- Using all available rosidl_typesupport_c: rosidl_typesupport_fastrtps_c;rosidl_typesupport_introspection_c
-- Using all available rosidl_typesupport_cpp: rosidl_typesupport_fastrtps_cpp;rosidl_typesupport_introspection_cpp
-- Found rmw_implementation_cmake: 7.3.3 (/opt/ros/jazzy/share/rmw_implementation_cmake/cmake)
-- Found rmw_fastrtps_cpp: 8.4.3 (/opt/ros/jazzy/share/rmw_fastrtps_cpp/cmake)
-- Found OpenSSL: /usr/lib/x86_64-linux-gnu/libcrypto.so (found version "3.0.13")  
-- Found FastRTPS: /opt/ros/jazzy/include (Required is at least version "2.13") 
-- Using RMW implementation 'rmw_fastrtps_cpp' as default
-- Found geometry_msgs: 5.3.6 (/opt/ros/jazzy/share/geometry_msgs/cmake)
-- Found visualization_msgs: 5.3.6 (/opt/ros/jazzy/share/visualization_msgs/cmake)
-- Found nav_msgs: 5.3.6 (/opt/ros/jazzy/share/nav_msgs/cmake)
-- Found std_srvs: 5.3.6 (/opt/ros/jazzy/share/std_srvs/cmake)
-- Found tf2: 0.36.19 (/opt/ros/jazzy/share/tf2/cmake)
-- Found tf2_ros: 0.36.19 (/opt/ros/jazzy/share/tf2_ros/cmake)
-- Found tf2_geometry_msgs: 0.36.19 (/opt/ros/jazzy/share/tf2_geometry_msgs/cmake)
-- Found eigen3_cmake_module: 0.3.0 (/opt/ros/jazzy/share/eigen3_cmake_module/cmake)
-- Found Eigen3: TRUE (found version "3.4.0") 
-- Ensuring Eigen3 include directory is part of orocos-kdl CMake target
-- Found cv_bridge: 4.1.0 (/opt/ros/jazzy/share/cv_bridge/cmake)
-- Configuring done (0.9s)
-- Generating done (0.0s)
-- Build files have been written to: /home/adam/ros2_ws/src/vacuum_game/build/vacuum_game
[ 55%] [32mBuilding CXX object CMakeFiles/game_node.dir/src/nodes/GameNode.cpp.o[0m
[ 55%] [32mBuilding CXX object CMakeFiles/visualization_node.dir/src/nodes/VisualizationNode.cpp.o[0m
[ 55%] [32mBuilding CXX object CMakeFiles/vacuum_node.dir/src/core/Robot.cpp.o[0m
[ 55%] [32mBuilding CXX object CMakeFiles/vacuum_node.dir/src/nodes/VacuumNode.cpp.o[0m
[ 55%] [32mBuilding CXX object CMakeFiles/vacuum_node.dir/src/core/Lidar.cpp.o[0m
[ 66%] [32mBuilding CXX object CMakeFiles/vacuum_node.dir/src/core/Environment.cpp.o[0m
[ 77%] [32m[1mLinking CXX executable game_node[0m
[ 77%] Built target game_node
[ 88%] [32m[1mLinking CXX executable visualization_node[0m
[ 88%] Built target visualization_node
[100%] [32m[1mLinking CXX executable vacuum_node[0m
[100%] Built target vacuum_node
-- Install configuration: ""
-- Installing: /home/adam/ros2_ws/src/vacuum_game/install/vacuum_game/lib/vacuum_game/vacuum_node
-- Set non-toolchain portion of runtime path of "/home/adam/ros2_ws/src/vacuum_game/install/vacuum_game/lib/vacuum_game/vacuum_node" to ""
-- Installing: /home/adam/ros2_ws/src/vacuum_game/install/vacuum_game/lib/vacuum_game/game_node
-- Set non-toolchain portion of runtime path of "/home/adam/ros2_ws/src/vacuum_game/install/vacuum_game/lib/vacuum_game/game_node" to ""
-- Installing: /home/adam/ros2_ws/src/vacuum_game/install/vacuum_game/lib/vacuum_game/visualization_node
-- Set non-toolchain portion of runtime path of "/home/adam/ros2_ws/src/vacuum_game/install/vacuum_game/lib/vacuum_game/visualization_node" to ""
-- Installing: /home/adam/ros2_ws/src/vacuum_game/install/vacuum_game/share/vacuum_game/config
-- Installing: /home/adam/ros2_ws/src/vacuum_game/install/vacuum_game/share/vacuum_game/config/game_params.yaml
-- Installing: /home/adam/ros2_ws/src/vacuum_game/install/vacuum_game/share/vacuum_game/map
-- Installing: /home/adam/ros2_ws/src/vacuum_game/install/vacuum_game/share/vacuum_game/map/opk-map.png
-- Installing: /home/adam/ros2_ws/src/vacuum_game/install/vacuum_game/share/ament_index/resource_index/package_run_dependencies/vacuum_game
-- Installing: /home/adam/ros2_ws/src/vacuum_game/install/vacuum_game/share/ament_index/resource_index/parent_prefix_path/vacuum_game
-- Installing: /home/adam/ros2_ws/src/vacuum_game/install/vacuum_game/share/vacuum_game/environment/ament_prefix_path.sh
-- Installing: /home/adam/ros2_ws/src/vacuum_game/install/vacuum_game/share/vacuum_game/environment/ament_prefix_path.dsv
-- Installing: /home/adam/ros2_ws/src/vacuum_game/install/vacuum_game/share/vacuum_game/environment/path.sh
-- Installing: /home/adam/ros2_ws/src/vacuum_game/install/vacuum_game/share/vacuum_game/environment/path.dsv
-- Installing: /home/adam/ros2_ws/src/vacuum_game/install/vacuum_game/share/vacuum_game/local_setup.bash
-- Installing: /home/adam/ros2_ws/src/vacuum_game/install/vacuum_game/share/vacuum_game/local_setup.sh
-- Installing: /home/adam/ros2_ws/src/vacuum_game/install/vacuum_game/share/vacuum_game/local_setup.zsh
-- Installing: /home/adam/ros2_ws/src/vacuum_game/install/vacuum_game/share/vacuum_game/local_setup.dsv
-- Installing: /home/adam/ros2_ws/src/vacuum_game/install/vacuum_game/share/vacuum_game/package.dsv
-- Installing: /home/adam/ros2_ws/src/vacuum_game/install/vacuum_game/share/ament_index/resource_index/packages/vacuum_game
-- Installing: /home/adam/ros2_ws/src/vacuum_game/install/vacuum_game/share/vacuum_game/cmake/vacuum_gameConfig.cmake
-- Installing: /home/adam/ros2_ws/src/vacuum_game/install/vacuum_game/share/vacuum_game/cmake/vacuum_gameConfig-version.cmake
-- Installing: /home/adam/ros2_ws/src/vacuum_game/install/vacuum_game/share/vacuum_game/package.xml
