[0.062s] DEBUG:colcon:Command line arguments: ['/usr/bin/colcon', 'build']
[0.062s] DEBUG:colcon:Parsed command line arguments: Namespace(log_base=None, log_level=None, verb_name='build', build_base='build', install_base='install', merge_install=False, symlink_install=False, test_result_base=None, continue_on_error=False, executor='parallel', parallel_workers=12, event_handlers=None, ignore_user_meta=False, metas=['./colcon.meta'], base_paths=['.'], packages_ignore=None, packages_ignore_regex=None, paths=None, packages_up_to=None, packages_up_to_regex=None, packages_above=None, packages_above_and_dependencies=None, packages_above_depth=None, packages_select_by_dep=None, packages_skip_by_dep=None, packages_skip_up_to=None, packages_select_build_failed=False, packages_skip_build_finished=False, packages_select_test_failures=False, packages_skip_test_passed=False, packages_select=None, packages_skip=None, packages_select_regex=None, packages_skip_regex=None, packages_start=None, packages_end=None, allow_overriding=[], cmake_args=None, cmake_target=None, cmake_target_skip_unavailable=False, cmake_clean_cache=False, cmake_clean_first=False, cmake_force_configure=False, ament_cmake_args=None, catkin_cmake_args=None, catkin_skip_building_tests=False, verb_parser=<colcon_defaults.argument_parser.defaults.DefaultArgumentsDecorator object at 0x775b1e579b80>, verb_extension=<colcon_core.verb.build.BuildVerb object at 0x775b1e6eb950>, main=<bound method BuildVerb.main of <colcon_core.verb.build.BuildVerb object at 0x775b1e6eb950>>)
[0.085s] Level 1:colcon.colcon_core.package_discovery:discover_packages(colcon_meta) check parameters
[0.085s] Level 1:colcon.colcon_core.package_discovery:discover_packages(recursive) check parameters
[0.085s] Level 1:colcon.colcon_core.package_discovery:discover_packages(ignore) check parameters
[0.085s] Level 1:colcon.colcon_core.package_discovery:discover_packages(path) check parameters
[0.085s] Level 1:colcon.colcon_core.package_discovery:discover_packages(colcon_meta) discover
[0.085s] Level 1:colcon.colcon_core.package_discovery:discover_packages(recursive) discover
[0.085s] INFO:colcon.colcon_core.package_discovery:Crawling recursively for packages in '/home/adam/ros2_ws/src/vacuum_game'
[0.085s] Level 1:colcon.colcon_core.package_identification:_identify(.) by extensions ['ignore', 'ignore_ament_install']
[0.085s] Level 1:colcon.colcon_core.package_identification:_identify(.) by extension 'ignore'
[0.085s] Level 1:colcon.colcon_core.package_identification:_identify(.) by extension 'ignore_ament_install'
[0.085s] Level 1:colcon.colcon_core.package_identification:_identify(.) by extensions ['colcon_pkg']
[0.085s] Level 1:colcon.colcon_core.package_identification:_identify(.) by extension 'colcon_pkg'
[0.085s] Level 1:colcon.colcon_core.package_identification:_identify(.) by extensions ['colcon_meta']
[0.085s] Level 1:colcon.colcon_core.package_identification:_identify(.) by extension 'colcon_meta'
[0.085s] Level 1:colcon.colcon_core.package_identification:_identify(.) by extensions ['ros']
[0.085s] Level 1:colcon.colcon_core.package_identification:_identify(.) by extension 'ros'
[0.102s] DEBUG:colcon.colcon_core.package_identification:Package '.' with type 'ros.ament_cmake' and name 'vacuum_game'
[0.102s] Level 1:colcon.colcon_core.package_discovery:discover_packages(recursive) using defaults
[0.102s] Level 1:colcon.colcon_core.package_discovery:discover_packages(ignore) discover
[0.102s] Level 1:colcon.colcon_core.package_discovery:discover_packages(ignore) using defaults
[0.102s] Level 1:colcon.colcon_core.package_discovery:discover_packages(path) discover
[0.102s] Level 1:colcon.colcon_core.package_discovery:discover_packages(path) using defaults
[0.112s] Level 1:colcon.colcon_core.package_discovery:discover_packages(prefix_path) check parameters
[0.113s] Level 1:colcon.colcon_core.package_discovery:discover_packages(prefix_path) discover
[0.114s] DEBUG:colcon.colcon_installed_package_information.package_discovery:Found 9 installed packages in /home/adam/ros2_ws/install
[0.114s] DEBUG:colcon.colcon_installed_package_information.package_discovery:Found 289 installed packages in /opt/ros/jazzy
[0.115s] Level 1:colcon.colcon_core.package_discovery:discover_packages(prefix_path) using defaults
[0.135s] Level 5:colcon.colcon_core.verb:set package 'vacuum_game' build argument 'cmake_args' from command line to 'None'
[0.135s] Level 5:colcon.colcon_core.verb:set package 'vacuum_game' build argument 'cmake_target' from command line to 'None'
[0.135s] Level 5:colcon.colcon_core.verb:set package 'vacuum_game' build argument 'cmake_target_skip_unavailable' from command line to 'False'
[0.135s] Level 5:colcon.colcon_core.verb:set package 'vacuum_game' build argument 'cmake_clean_cache' from command line to 'False'
[0.135s] Level 5:colcon.colcon_core.verb:set package 'vacuum_game' build argument 'cmake_clean_first' from command line to 'False'
[0.135s] Level 5:colcon.colcon_core.verb:set package 'vacuum_game' build argument 'cmake_force_configure' from command line to 'False'
[0.135s] Level 5:colcon.colcon_core.verb:set package 'vacuum_game' build argument 'ament_cmake_args' from command line to 'None'
[0.135s] Level 5:colcon.colcon_core.verb:set package 'vacuum_game' build argument 'catkin_cmake_args' from command line to 'None'
[0.135s] Level 5:colcon.colcon_core.verb:set package 'vacuum_game' build argument 'catkin_skip_building_tests' from command line to 'False'
[0.135s] DEBUG:colcon.colcon_core.verb:Building package 'vacuum_game' with the following arguments: {'ament_cmake_args': None, 'build_base': '/home/adam/ros2_ws/src/vacuum_game/build/vacuum_game', 'catkin_cmake_args': None, 'catkin_skip_building_tests': False, 'cmake_args': None, 'cmake_clean_cache': False, 'cmake_clean_first': False, 'cmake_force_configure': False, 'cmake_target': None, 'cmake_target_skip_unavailable': False, 'install_base': '/home/adam/ros2_ws/src/vacuum_game/install/vacuum_game', 'merge_install': False, 'path': '/home/adam/ros2_ws/src/vacuum_game', 'symlink_install': False, 'test_result_base': None}
[0.136s] INFO:colcon.colcon_core.executor:Executing jobs using 'parallel' executor
[0.136s] DEBUG:colcon.colcon_parallel_executor.executor.parallel:run_until_complete
[0.136s] INFO:colcon.colcon_ros.task.ament_cmake.build:Building ROS package in '/home/adam/ros2_ws/src/vacuum_game' with build type 'ament_cmake'
[0.136s] INFO:colcon.colcon_cmake.task.cmake.build:Building CMake package in '/home/adam/ros2_ws/src/vacuum_game'
[0.137s] INFO:colcon.colcon_core.plugin_system:Skipping extension 'colcon_core.shell.bat': Not used on non-Windows systems
[0.137s] INFO:colcon.colcon_core.shell:Skip shell extension 'powershell' for command environment: Not usable outside of PowerShell
[0.137s] DEBUG:colcon.colcon_core.shell:Skip shell extension 'dsv' for command environment
[0.142s] DEBUG:colcon.colcon_core.event_handler.log_command:Invoking command in '/home/adam/ros2_ws/src/vacuum_game/build/vacuum_game': CMAKE_PREFIX_PATH=${CMAKE_PREFIX_PATH}:/opt/ros/jazzy DEBUGINFOD_URLS=https://debuginfod.ubuntu.com /usr/bin/cmake /home/adam/ros2_ws/src/vacuum_game -DCMAKE_INSTALL_PREFIX=/home/adam/ros2_ws/src/vacuum_game/install/vacuum_game
[1.096s] DEBUG:colcon.colcon_core.event_handler.log_command:Invoked command in '/home/adam/ros2_ws/src/vacuum_game/build/vacuum_game' returned '0': CMAKE_PREFIX_PATH=${CMAKE_PREFIX_PATH}:/opt/ros/jazzy DEBUGINFOD_URLS=https://debuginfod.ubuntu.com /usr/bin/cmake /home/adam/ros2_ws/src/vacuum_game -DCMAKE_INSTALL_PREFIX=/home/adam/ros2_ws/src/vacuum_game/install/vacuum_game
[1.097s] DEBUG:colcon.colcon_core.event_handler.log_command:Invoking command in '/home/adam/ros2_ws/src/vacuum_game/build/vacuum_game': CMAKE_PREFIX_PATH=${CMAKE_PREFIX_PATH}:/opt/ros/jazzy DEBUGINFOD_URLS=https://debuginfod.ubuntu.com /usr/bin/cmake --build /home/adam/ros2_ws/src/vacuum_game/build/vacuum_game -- -j12 -l12
[10.759s] DEBUG:colcon.colcon_core.event_handler.log_command:Invoked command in '/home/adam/ros2_ws/src/vacuum_game/build/vacuum_game' returned '0': CMAKE_PREFIX_PATH=${CMAKE_PREFIX_PATH}:/opt/ros/jazzy DEBUGINFOD_URLS=https://debuginfod.ubuntu.com /usr/bin/cmake --build /home/adam/ros2_ws/src/vacuum_game/build/vacuum_game -- -j12 -l12
[10.764s] DEBUG:colcon.colcon_core.event_handler.log_command:Invoking command in '/home/adam/ros2_ws/src/vacuum_game/build/vacuum_game': CMAKE_PREFIX_PATH=${CMAKE_PREFIX_PATH}:/opt/ros/jazzy DEBUGINFOD_URLS=https://debuginfod.ubuntu.com /usr/bin/cmake --install /home/adam/ros2_ws/src/vacuum_game/build/vacuum_game
[10.775s] Level 1:colcon.colcon_core.environment:create_environment_scripts_only(vacuum_game)
[10.776s] DEBUG:colcon.colcon_core.event_handler.log_command:Invoked command in '/home/adam/ros2_ws/src/vacuum_game/build/vacuum_game' returned '0': CMAKE_PREFIX_PATH=${CMAKE_PREFIX_PATH}:/opt/ros/jazzy DEBUGINFOD_URLS=https://debuginfod.ubuntu.com /usr/bin/cmake --install /home/adam/ros2_ws/src/vacuum_game/build/vacuum_game
[10.777s] Level 1:colcon.colcon_core.environment:checking '/home/adam/ros2_ws/src/vacuum_game/install/vacuum_game' for CMake module files
[10.777s] Level 1:colcon.colcon_core.environment:checking '/home/adam/ros2_ws/src/vacuum_game/install/vacuum_game' for CMake config files
[10.777s] Level 1:colcon.colcon_core.shell:create_environment_hook('vacuum_game', 'cmake_prefix_path')
[10.777s] INFO:colcon.colcon_core.shell:Creating environment hook '/home/adam/ros2_ws/src/vacuum_game/install/vacuum_game/share/vacuum_game/hook/cmake_prefix_path.ps1'
[10.778s] INFO:colcon.colcon_core.shell:Creating environment descriptor '/home/adam/ros2_ws/src/vacuum_game/install/vacuum_game/share/vacuum_game/hook/cmake_prefix_path.dsv'
[10.778s] INFO:colcon.colcon_core.shell:Creating environment hook '/home/adam/ros2_ws/src/vacuum_game/install/vacuum_game/share/vacuum_game/hook/cmake_prefix_path.sh'
[10.778s] Level 1:colcon.colcon_core.environment:checking '/home/adam/ros2_ws/src/vacuum_game/install/vacuum_game/lib'
[10.778s] Level 1:colcon.colcon_core.environment:checking '/home/adam/ros2_ws/src/vacuum_game/install/vacuum_game/bin'
[10.778s] Level 1:colcon.colcon_core.environment:checking '/home/adam/ros2_ws/src/vacuum_game/install/vacuum_game/lib/pkgconfig/vacuum_game.pc'
[10.779s] Level 1:colcon.colcon_core.environment:checking '/home/adam/ros2_ws/src/vacuum_game/install/vacuum_game/lib/python3.12/site-packages'
[10.779s] Level 1:colcon.colcon_core.environment:checking '/home/adam/ros2_ws/src/vacuum_game/install/vacuum_game/bin'
[10.779s] INFO:colcon.colcon_core.shell:Creating package script '/home/adam/ros2_ws/src/vacuum_game/install/vacuum_game/share/vacuum_game/package.ps1'
[10.779s] INFO:colcon.colcon_core.shell:Creating package descriptor '/home/adam/ros2_ws/src/vacuum_game/install/vacuum_game/share/vacuum_game/package.dsv'
[10.780s] INFO:colcon.colcon_core.shell:Creating package script '/home/adam/ros2_ws/src/vacuum_game/install/vacuum_game/share/vacuum_game/package.sh'
[10.780s] INFO:colcon.colcon_core.shell:Creating package script '/home/adam/ros2_ws/src/vacuum_game/install/vacuum_game/share/vacuum_game/package.bash'
[10.780s] INFO:colcon.colcon_core.shell:Creating package script '/home/adam/ros2_ws/src/vacuum_game/install/vacuum_game/share/vacuum_game/package.zsh'
[10.780s] Level 1:colcon.colcon_core.environment:create_file_with_runtime_dependencies(/home/adam/ros2_ws/src/vacuum_game/install/vacuum_game/share/colcon-core/packages/vacuum_game)
[10.781s] Level 1:colcon.colcon_core.environment:create_environment_scripts_only(vacuum_game)
[10.781s] Level 1:colcon.colcon_core.environment:checking '/home/adam/ros2_ws/src/vacuum_game/install/vacuum_game' for CMake module files
[10.781s] Level 1:colcon.colcon_core.environment:checking '/home/adam/ros2_ws/src/vacuum_game/install/vacuum_game' for CMake config files
[10.781s] Level 1:colcon.colcon_core.shell:create_environment_hook('vacuum_game', 'cmake_prefix_path')
[10.781s] INFO:colcon.colcon_core.shell:Creating environment hook '/home/adam/ros2_ws/src/vacuum_game/install/vacuum_game/share/vacuum_game/hook/cmake_prefix_path.ps1'
[10.782s] INFO:colcon.colcon_core.shell:Creating environment descriptor '/home/adam/ros2_ws/src/vacuum_game/install/vacuum_game/share/vacuum_game/hook/cmake_prefix_path.dsv'
[10.782s] INFO:colcon.colcon_core.shell:Creating environment hook '/home/adam/ros2_ws/src/vacuum_game/install/vacuum_game/share/vacuum_game/hook/cmake_prefix_path.sh'
[10.782s] Level 1:colcon.colcon_core.environment:checking '/home/adam/ros2_ws/src/vacuum_game/install/vacuum_game/lib'
[10.782s] Level 1:colcon.colcon_core.environment:checking '/home/adam/ros2_ws/src/vacuum_game/install/vacuum_game/bin'
[10.782s] Level 1:colcon.colcon_core.environment:checking '/home/adam/ros2_ws/src/vacuum_game/install/vacuum_game/lib/pkgconfig/vacuum_game.pc'
[10.782s] Level 1:colcon.colcon_core.environment:checking '/home/adam/ros2_ws/src/vacuum_game/install/vacuum_game/lib/python3.12/site-packages'
[10.782s] Level 1:colcon.colcon_core.environment:checking '/home/adam/ros2_ws/src/vacuum_game/install/vacuum_game/bin'
[10.783s] INFO:colcon.colcon_core.shell:Creating package script '/home/adam/ros2_ws/src/vacuum_game/install/vacuum_game/share/vacuum_game/package.ps1'
[10.783s] INFO:colcon.colcon_core.shell:Creating package descriptor '/home/adam/ros2_ws/src/vacuum_game/install/vacuum_game/share/vacuum_game/package.dsv'
[10.783s] INFO:colcon.colcon_core.shell:Creating package script '/home/adam/ros2_ws/src/vacuum_game/install/vacuum_game/share/vacuum_game/package.sh'
[10.783s] INFO:colcon.colcon_core.shell:Creating package script '/home/adam/ros2_ws/src/vacuum_game/install/vacuum_game/share/vacuum_game/package.bash'
[10.783s] INFO:colcon.colcon_core.shell:Creating package script '/home/adam/ros2_ws/src/vacuum_game/install/vacuum_game/share/vacuum_game/package.zsh'
[10.784s] Level 1:colcon.colcon_core.environment:create_file_with_runtime_dependencies(/home/adam/ros2_ws/src/vacuum_game/install/vacuum_game/share/colcon-core/packages/vacuum_game)
[10.784s] DEBUG:colcon.colcon_parallel_executor.executor.parallel:closing loop
[10.784s] DEBUG:colcon.colcon_parallel_executor.executor.parallel:loop closed
[10.784s] DEBUG:colcon.colcon_parallel_executor.executor.parallel:run_until_complete finished with '0'
[10.784s] DEBUG:colcon.colcon_core.event_reactor:joining thread
[10.787s] INFO:colcon.colcon_core.plugin_system:Skipping extension 'colcon_notification.desktop_notification.terminal_notifier': Not used on non-Darwin systems
[10.787s] INFO:colcon.colcon_core.plugin_system:Skipping extension 'colcon_notification.desktop_notification.win32': Not used on non-Windows systems
[10.787s] INFO:colcon.colcon_notification.desktop_notification:Sending desktop notification using 'notify2'
[10.796s] DEBUG:colcon.colcon_core.event_reactor:joined thread
[10.797s] INFO:colcon.colcon_core.shell:Creating prefix script '/home/adam/ros2_ws/src/vacuum_game/install/local_setup.ps1'
[10.797s] INFO:colcon.colcon_core.shell:Creating prefix util module '/home/adam/ros2_ws/src/vacuum_game/install/_local_setup_util_ps1.py'
[10.798s] INFO:colcon.colcon_core.shell:Creating prefix chain script '/home/adam/ros2_ws/src/vacuum_game/install/setup.ps1'
[10.798s] INFO:colcon.colcon_core.shell:Creating prefix script '/home/adam/ros2_ws/src/vacuum_game/install/local_setup.sh'
[10.799s] INFO:colcon.colcon_core.shell:Creating prefix util module '/home/adam/ros2_ws/src/vacuum_game/install/_local_setup_util_sh.py'
[10.799s] INFO:colcon.colcon_core.shell:Creating prefix chain script '/home/adam/ros2_ws/src/vacuum_game/install/setup.sh'
[10.800s] INFO:colcon.colcon_core.shell:Creating prefix script '/home/adam/ros2_ws/src/vacuum_game/install/local_setup.bash'
[10.801s] INFO:colcon.colcon_core.shell:Creating prefix chain script '/home/adam/ros2_ws/src/vacuum_game/install/setup.bash'
[10.801s] INFO:colcon.colcon_core.shell:Creating prefix script '/home/adam/ros2_ws/src/vacuum_game/install/local_setup.zsh'
[10.802s] INFO:colcon.colcon_core.shell:Creating prefix chain script '/home/adam/ros2_ws/src/vacuum_game/install/setup.zsh'
